<?xml version='1.0' encoding='utf-8'?>
<testsuites name="pytest tests"><testsuite name="pytest" errors="0" failures="0" skipped="0" tests="52" time="21.582" timestamp="2026-09-26T15:49:28.424926+05:30"><testcase classname="tests.test_public_app" name="test_signup_private_garden_and_cookie" time="1.072" /><testcase classname="tests.test_public_app" name="test_duplicate_email_and_normalization" time="0.927" /><testcase classname="tests.test_public_app" name="test_email_validation[invalid]" time="0.506" /><testcase classname="tests.test_public_app" name="test_email_validation[x@@example.com]" time="0.472" /><testcase classname="tests.test_public_app" name="test_email_validation[someone@ localhost]" time="0.736" /><testcase classname="tests.test_public_app" name="test_logout_clears_browser_session" time="0.615" /><testcase classname="tests.test_public_app" name="test_guest_isolated_and_expiring" time="0.640" /><testcase classname="tests.test_public_app" name="test_recovery_revokes_existing_token_and_rotates_code" time="0.711" /><testcase classname="tests.test_public_app" name="test_invalid_recovery" time="0.415" /><testcase classname="tests.test_public_app" name="test_account_delete_cascades" time="0.738" /><testcase classname="tests.test_public_app" name="test_cross_origin_write_rejected" time="0.517" /><testcase classname="tests.test_public_app" name="test_public_limits" time="0.955" /><testcase classname="tests.test_public_app" name="test_virtual_cycle_dry_pause_refill" time="0.553" /><testcase classname="tests.test_public_app" name="test_virtual_controls_owner_only" time="0.409" /><testcase classname="tests.test_public_app" name="test_visitor_inactivity_stops_virtual_ticks" time="0.417" /><testcase classname="tests.test_public_app" name="test_guest_cleanup" time="0.436" /><testcase classname="tests.test_public_app" name="test_existing_external_devices_unchanged" time="0.294" /><testcase classname="tests.test_public_app" name="test_session_survives_page_reload" time="0.485" /><testcase classname="tests.test_public_app" name="test_registration_can_be_disabled" time="0.300" /><testcase classname="tests.test_system" name="test_login" time="0.366" /><testcase classname="tests.test_system" name="test_wrong_password" time="0.371" /><testcase classname="tests.test_system" name="test_unauthorized" time="0.310" /><testcase classname="tests.test_system" name="test_owner_isolation" time="0.310" /><testcase classname="tests.test_system" name="test_ingestion_storage_latest_history" time="0.331" /><testcase classname="tests.test_system" name="test_invalid_sensor_values[soil_moisture-101]" time="0.299" /><testcase classname="tests.test_system" name="test_invalid_sensor_values[soil_moisture--1]" time="0.309" /><testcase classname="tests.test_system" name="test_invalid_sensor_values[humidity-101]" time="0.302" /><testcase classname="tests.test_system" name="test_invalid_sensor_values[temperature-70]" time="0.291" /><testcase classname="tests.test_system" name="test_invalid_sensor_values[light_level--1]" time="0.297" /><testcase classname="tests.test_system" name="test_invalid_sensor_values[water_tank_level--2]" time="0.291" /><testcase classname="tests.test_system" name="test_timestamp_validation" time="0.322" /><testcase classname="tests.test_system" name="test_above_threshold" time="0.311" /><testcase classname="tests.test_system" name="test_threshold_boundary" time="0.331" /><testcase classname="tests.test_system" name="test_auto_start_and_stop" time="0.345" /><testcase classname="tests.test_system" name="test_cooldown" time="0.354" /><testcase classname="tests.test_system" name="test_low_tank_blocks_and_stops" time="0.360" /><testcase classname="tests.test_system" name="test_manual_watering_and_stop" time="0.363" /><testcase classname="tests.test_system" name="test_manual_overwater_block" time="0.350" /><testcase classname="tests.test_system" name="test_duration_bound" time="0.313" /><testcase classname="tests.test_system" name="test_expiry" time="0.335" /><testcase classname="tests.test_system" name="test_alert_lifecycle" time="0.379" /><testcase classname="tests.test_system" name="test_offline_detection" time="0.338" /><testcase classname="tests.test_system" name="test_duplicate" time="0.344" /><testcase classname="tests.test_system" name="test_out_of_order" time="0.319" /><testcase classname="tests.test_system" name="test_settings_and_automation_disabled" time="0.319" /><testcase classname="tests.test_system" name="test_multiple_devices_and_key_scope" time="0.323" /><testcase classname="tests.test_system" name="test_no_key_leaks" time="0.385" /><testcase classname="tests.test_system" name="test_simulator_dry_and_wet" time="0.001" /><testcase classname="tests.test_system" name="test_simulator_retry_same_sample" time="0.004" /><testcase classname="tests.test_system" name="test_simulator_gives_up" time="0.004" /><testcase classname="tests.test_system" name="test_database_failure" time="0.395" /><testcase classname="tests.test_system" name="test_login_rate_limit" time="0.531" /></testsuite></testsuites>