<?xml version='1.0' encoding='utf-8'?>
<testsuites name="pytest tests"><testsuite name="pytest" errors="0" failures="0" skipped="0" tests="33" time="23.918" timestamp="2026-09-26T11:02:11.329203+05:30"><testcase classname="tests.test_system" name="test_login" time="0.696" /><testcase classname="tests.test_system" name="test_wrong_password" time="1.010" /><testcase classname="tests.test_system" name="test_unauthorized" time="1.453" /><testcase classname="tests.test_system" name="test_owner_isolation" time="1.073" /><testcase classname="tests.test_system" name="test_ingestion_storage_latest_history" time="0.649" /><testcase classname="tests.test_system" name="test_invalid_sensor_values[soil_moisture-101]" time="0.548" /><testcase classname="tests.test_system" name="test_invalid_sensor_values[soil_moisture--1]" time="0.560" /><testcase classname="tests.test_system" name="test_invalid_sensor_values[humidity-101]" time="0.558" /><testcase classname="tests.test_system" name="test_invalid_sensor_values[temperature-70]" time="0.547" /><testcase classname="tests.test_system" name="test_invalid_sensor_values[light_level--1]" time="0.583" /><testcase classname="tests.test_system" name="test_invalid_sensor_values[water_tank_level--2]" time="0.650" /><testcase classname="tests.test_system" name="test_timestamp_validation" time="0.699" /><testcase classname="tests.test_system" name="test_above_threshold" time="0.969" /><testcase classname="tests.test_system" name="test_threshold_boundary" time="0.725" /><testcase classname="tests.test_system" name="test_auto_start_and_stop" time="0.718" /><testcase classname="tests.test_system" name="test_cooldown" time="0.984" /><testcase classname="tests.test_system" name="test_low_tank_blocks_and_stops" time="0.880" /><testcase classname="tests.test_system" name="test_manual_watering_and_stop" time="0.661" /><testcase classname="tests.test_system" name="test_manual_overwater_block" time="0.606" /><testcase classname="tests.test_system" name="test_duration_bound" time="0.552" /><testcase classname="tests.test_system" name="test_expiry" time="1.059" /><testcase classname="tests.test_system" name="test_alert_lifecycle" time="0.937" /><testcase classname="tests.test_system" name="test_offline_detection" time="0.642" /><testcase classname="tests.test_system" name="test_duplicate" time="1.434" /><testcase classname="tests.test_system" name="test_out_of_order" time="0.709" /><testcase classname="tests.test_system" name="test_settings_and_automation_disabled" time="0.713" /><testcase classname="tests.test_system" name="test_multiple_devices_and_key_scope" time="0.696" /><testcase classname="tests.test_system" name="test_no_key_leaks" time="0.705" /><testcase classname="tests.test_system" name="test_simulator_dry_and_wet" time="0.011" /><testcase classname="tests.test_system" name="test_simulator_retry_same_sample" time="0.013" /><testcase classname="tests.test_system" name="test_simulator_gives_up" time="0.014" /><testcase classname="tests.test_system" name="test_database_failure" time="0.703" /><testcase classname="tests.test_system" name="test_login_rate_limit" time="0.745" /></testsuite></testsuites>